Connecting to database specified by database.yml
Connecting to database specified by database.yml
Connecting to database specified by database.yml
Connecting to database specified by database.yml
Connecting to database specified by database.yml
Connecting to database specified by database.yml
Connecting to database specified by database.yml
Connecting to database specified by database.yml
Connecting to database specified by database.yml
Connecting to database specified by database.yml
Connecting to database specified by database.yml
Connecting to database specified by database.yml
  [1m[36m (558.8ms)[0m  [1mCREATE TABLE `schema_migrations` (`version` varchar(255) NOT NULL) ENGINE=InnoDB[0m
  [1m[35m (349.3ms)[0m  CREATE UNIQUE INDEX `unique_schema_migrations` ON `schema_migrations` (`version`)
  [1m[36m (138.6ms)[0m  [1mSELECT `schema_migrations`.`version` FROM `schema_migrations` [0m
Connecting to database specified by database.yml
Connecting to database specified by database.yml
  [1m[36m (63.9ms)[0m  [1mSELECT `schema_migrations`.`version` FROM `schema_migrations` [0m
Migrating to CreateProducts (20120727133910)
  [1m[35m (460.5ms)[0m  CREATE TABLE `products` (`id` int(11) DEFAULT NULL auto_increment PRIMARY KEY, `name` varchar(255), `price` decimal, `created_at` datetime NOT NULL, `updated_at` datetime NOT NULL) ENGINE=InnoDB
  [1m[36m (181.9ms)[0m  [1mINSERT INTO `schema_migrations` (`version`) VALUES ('20120727133910')[0m
  [1m[35m (4.1ms)[0m  SELECT `schema_migrations`.`version` FROM `schema_migrations` 


Started GET "/assets/rails.png" for 127.0.0.1 at 2012-07-27 19:41:57 +0600
Connecting to database specified by database.yml
Served asset /rails.png - 200 OK (170ms)


Started GET "/products" for 127.0.0.1 at 2012-07-27 19:43:56 +0600
Connecting to database specified by database.yml
Processing by ProductsController#index as HTML
  [1m[36mProduct Load (59.2ms)[0m  [1mSELECT `products`.* FROM `products` [0m
  Rendered products/index.html.erb within layouts/application (6.6ms)
Compiled application.css  (1ms)  (pid 2203)
Compiled jquery.js  (3ms)  (pid 2203)
Compiled jquery_ujs.js  (0ms)  (pid 2203)
Compiled products.js  (1441ms)  (pid 2203)
Compiled application.js  (1597ms)  (pid 2203)
Completed 200 OK in 2543ms (Views: 1974.3ms | ActiveRecord: 412.5ms)


Started GET "/assets/jquery.js?body=1" for 127.0.0.1 at 2012-07-27 19:44:03 +0600
Served asset /jquery.js - 200 OK (111ms)


Started GET "/assets/jquery_ujs.js?body=1" for 127.0.0.1 at 2012-07-27 19:44:04 +0600
Served asset /jquery_ujs.js - 200 OK (245ms)


Started GET "/assets/products.js?body=1" for 127.0.0.1 at 2012-07-27 19:44:04 +0600
Served asset /products.js - 200 OK (18ms)


Started GET "/assets/application.css?body=1" for 127.0.0.1 at 2012-07-27 19:44:04 +0600
Served asset /application.css - 200 OK (182ms)


Started GET "/assets/application.js?body=1" for 127.0.0.1 at 2012-07-27 19:44:04 +0600
Served asset /application.js - 200 OK (90ms)


Started GET "/products/new" for 127.0.0.1 at 2012-07-27 19:44:08 +0600
Processing by ProductsController#new as HTML
  Rendered products/_form.html.erb (149.2ms)
  Rendered products/new.html.erb within layouts/application (214.6ms)
Completed 200 OK in 316ms (Views: 285.1ms | ActiveRecord: 0.0ms)


Started GET "/products" for 127.0.0.1 at 2012-07-27 19:44:26 +0600
Processing by ProductsController#index as HTML
  [1m[35mProduct Load (1368.9ms)[0m  SELECT `products`.* FROM `products` 
Completed 500 Internal Server Error in 8373ms

NoMethodError (undefined method `explain' for #<ActiveRecord::ConnectionAdapters::MysqlAdapter:0x8beba9c>):
  app/controllers/products_controller.rb:5:in `index'


  Rendered /home/yasir/.rvm/gems/ruby-1.9.3-p194/gems/actionpack-3.2.6/lib/action_dispatch/middleware/templates/rescues/_trace.erb (8.1ms)
  Rendered /home/yasir/.rvm/gems/ruby-1.9.3-p194/gems/actionpack-3.2.6/lib/action_dispatch/middleware/templates/rescues/_request_and_response.erb (2.3ms)
  Rendered /home/yasir/.rvm/gems/ruby-1.9.3-p194/gems/actionpack-3.2.6/lib/action_dispatch/middleware/templates/rescues/diagnostics.erb within rescues/layout (314.3ms)


Started GET "/products" for 127.0.0.1 at 2012-07-27 19:45:02 +0600
Processing by ProductsController#index as HTML
  [1m[36mProduct Load (264.0ms)[0m  [1mSELECT `products`.* FROM `products` [0m
  Rendered products/index.html.erb within layouts/application (8.5ms)
Completed 200 OK in 593ms (Views: 246.8ms | ActiveRecord: 264.0ms)


Started GET "/assets/products.js?body=1" for 127.0.0.1 at 2012-07-27 19:45:04 +0600
Served asset /products.js - 304 Not Modified (0ms)
Connecting to database specified by database.yml
  [1m[36m (153.1ms)[0m  [1mSELECT `schema_migrations`.`version` FROM `schema_migrations` [0m
Migrating to CreateProducts (20120727133910)
  [1m[35m (0.2ms)[0m  SELECT `schema_migrations`.`version` FROM `schema_migrations` 


Started GET "/products" for 127.0.0.1 at 2012-07-27 19:51:36 +0600
Connecting to database specified by database.yml
Processing by ProductsController#index as HTML
  [1m[36mProduct Load (63.2ms)[0m  [1mSELECT `products`.* FROM `products` [0m
  Rendered products/index.html.erb within layouts/application (7.2ms)
Completed 200 OK in 781ms (Views: 438.3ms | ActiveRecord: 196.9ms)


Started GET "/assets/products.js?body=1" for 127.0.0.1 at 2012-07-27 19:51:46 +0600
Served asset /products.js - 304 Not Modified (8ms)


Started GET "/products/" for 127.0.0.1 at 2012-07-27 19:53:07 +0600
Connecting to database specified by database.yml
Processing by ProductsController#index as HTML
  [1m[36mProduct Load (76.3ms)[0m  [1mSELECT `products`.* FROM `products` [0m
  Rendered products/index.html.erb within layouts/application (50.3ms)
Compiled bootstrap_and_overrides.css  (2430ms)  (pid 2283)
Compiled application.css  (2535ms)  (pid 2283)
Compiled twitter/bootstrap/bootstrap-transition.js  (0ms)  (pid 2283)
Compiled twitter/bootstrap/bootstrap-alert.js  (0ms)  (pid 2283)
Compiled twitter/bootstrap/bootstrap-modal.js  (0ms)  (pid 2283)
Compiled twitter/bootstrap/bootstrap-dropdown.js  (0ms)  (pid 2283)
Compiled twitter/bootstrap/bootstrap-scrollspy.js  (0ms)  (pid 2283)
Compiled twitter/bootstrap/bootstrap-tab.js  (0ms)  (pid 2283)
Compiled twitter/bootstrap/bootstrap-tooltip.js  (0ms)  (pid 2283)
Compiled twitter/bootstrap/bootstrap-popover.js  (0ms)  (pid 2283)
Compiled twitter/bootstrap/bootstrap-button.js  (0ms)  (pid 2283)
Compiled twitter/bootstrap/bootstrap-collapse.js  (2ms)  (pid 2283)
Compiled twitter/bootstrap/bootstrap-carousel.js  (88ms)  (pid 2283)
Compiled twitter/bootstrap/bootstrap-typeahead.js  (0ms)  (pid 2283)
Compiled twitter/bootstrap.js  (477ms)  (pid 2283)
Compiled bootstrap.js  (2838ms)  (pid 2283)
Compiled application.js  (4198ms)  (pid 2283)
Completed 200 OK in 18903ms (Views: 18355.8ms | ActiveRecord: 412.2ms)


Started GET "/assets/twitter/bootstrap/bootstrap-modal.js?body=1" for 127.0.0.1 at 2012-07-27 19:53:44 +0600
Served asset /twitter/bootstrap/bootstrap-modal.js - 200 OK (428ms)


Started GET "/assets/bootstrap_and_overrides.css?body=1" for 127.0.0.1 at 2012-07-27 19:53:46 +0600
Served asset /bootstrap_and_overrides.css - 200 OK (698ms)


Started GET "/assets/twitter/bootstrap/bootstrap-dropdown.js?body=1" for 127.0.0.1 at 2012-07-27 19:53:47 +0600
Served asset /twitter/bootstrap/bootstrap-dropdown.js - 200 OK (101ms)


Started GET "/assets/twitter/bootstrap/bootstrap-transition.js?body=1" for 127.0.0.1 at 2012-07-27 19:53:47 +0600
Served asset /twitter/bootstrap/bootstrap-transition.js - 200 OK (205ms)


Started GET "/assets/twitter/bootstrap/bootstrap-alert.js?body=1" for 127.0.0.1 at 2012-07-27 19:53:47 +0600
Served asset /twitter/bootstrap/bootstrap-alert.js - 200 OK (181ms)


Started GET "/assets/twitter/bootstrap/bootstrap-scrollspy.js?body=1" for 127.0.0.1 at 2012-07-27 19:53:47 +0600
Served asset /twitter/bootstrap/bootstrap-scrollspy.js - 200 OK (403ms)


Started GET "/assets/twitter/bootstrap/bootstrap-tab.js?body=1" for 127.0.0.1 at 2012-07-27 19:53:48 +0600
Served asset /twitter/bootstrap/bootstrap-tab.js - 200 OK (38ms)


Started GET "/assets/twitter/bootstrap/bootstrap-tooltip.js?body=1" for 127.0.0.1 at 2012-07-27 19:53:48 +0600
Served asset /twitter/bootstrap/bootstrap-tooltip.js - 200 OK (375ms)


Started GET "/assets/twitter/bootstrap/bootstrap-popover.js?body=1" for 127.0.0.1 at 2012-07-27 19:53:48 +0600
Served asset /twitter/bootstrap/bootstrap-popover.js - 200 OK (135ms)


Started GET "/assets/twitter/bootstrap/bootstrap-button.js?body=1" for 127.0.0.1 at 2012-07-27 19:53:48 +0600
Served asset /twitter/bootstrap/bootstrap-button.js - 200 OK (546ms)


Started GET "/assets/twitter/bootstrap/bootstrap-collapse.js?body=1" for 127.0.0.1 at 2012-07-27 19:53:49 +0600
Served asset /twitter/bootstrap/bootstrap-collapse.js - 200 OK (122ms)


Started GET "/assets/twitter/bootstrap/bootstrap-carousel.js?body=1" for 127.0.0.1 at 2012-07-27 19:53:49 +0600
Served asset /twitter/bootstrap/bootstrap-carousel.js - 200 OK (159ms)


Started GET "/assets/twitter/bootstrap/bootstrap-typeahead.js?body=1" for 127.0.0.1 at 2012-07-27 19:53:49 +0600
Served asset /twitter/bootstrap/bootstrap-typeahead.js - 200 OK (278ms)


Started GET "/assets/twitter/bootstrap.js?body=1" for 127.0.0.1 at 2012-07-27 19:53:49 +0600
Served asset /twitter/bootstrap.js - 200 OK (287ms)


Started GET "/assets/bootstrap.js?body=1" for 127.0.0.1 at 2012-07-27 19:53:50 +0600
Served asset /bootstrap.js - 200 OK (70ms)


Started GET "/assets/products.js?body=1" for 127.0.0.1 at 2012-07-27 19:53:50 +0600
Served asset /products.js - 304 Not Modified (102ms)


Started GET "/assets/rails.png" for 127.0.0.1 at 2012-07-27 22:04:52 +0600
Connecting to database specified by database.yml
Served asset /rails.png - 304 Not Modified (58ms)


Started GET "/products" for 127.0.0.1 at 2012-07-27 22:04:57 +0600
Processing by ProductsController#index as HTML
  [1m[36mProduct Load (214.2ms)[0m  [1mSELECT `products`.* FROM `products` [0m
Completed 500 Internal Server Error in 724ms

NoMethodError (undefined method `explain' for #<ActiveRecord::ConnectionAdapters::MysqlAdapter:0x9e1865c>):
  app/controllers/products_controller.rb:5:in `index'


  Rendered /home/yasir/.rvm/gems/ruby-1.9.3-p194/gems/actionpack-3.2.6/lib/action_dispatch/middleware/templates/rescues/_trace.erb (7.9ms)
  Rendered /home/yasir/.rvm/gems/ruby-1.9.3-p194/gems/actionpack-3.2.6/lib/action_dispatch/middleware/templates/rescues/_request_and_response.erb (2.4ms)
  Rendered /home/yasir/.rvm/gems/ruby-1.9.3-p194/gems/actionpack-3.2.6/lib/action_dispatch/middleware/templates/rescues/diagnostics.erb within rescues/layout (77.0ms)


Started GET "/products/" for 127.0.0.1 at 2012-07-27 22:05:01 +0600
Processing by ProductsController#index as HTML
  [1m[35mProduct Load (3.7ms)[0m  SELECT `products`.* FROM `products` 
  Rendered products/index.html.erb within layouts/application (4.4ms)
Completed 200 OK in 487ms (Views: 481.3ms | ActiveRecord: 3.7ms)


Started GET "/assets/application.css?body=1" for 127.0.0.1 at 2012-07-27 22:05:01 +0600
Served asset /application.css - 304 Not Modified (113ms)


Started GET "/assets/twitter/bootstrap/bootstrap-alert.js?body=1" for 127.0.0.1 at 2012-07-27 22:05:02 +0600
Served asset /twitter/bootstrap/bootstrap-alert.js - 304 Not Modified (36ms)


Started GET "/assets/twitter/bootstrap/bootstrap-transition.js?body=1" for 127.0.0.1 at 2012-07-27 22:05:02 +0600
Served asset /twitter/bootstrap/bootstrap-transition.js - 304 Not Modified (12ms)


Started GET "/assets/jquery.js?body=1" for 127.0.0.1 at 2012-07-27 22:05:02 +0600
Served asset /jquery.js - 304 Not Modified (13ms)


Started GET "/assets/twitter/bootstrap/bootstrap-modal.js?body=1" for 127.0.0.1 at 2012-07-27 22:05:02 +0600
Served asset /twitter/bootstrap/bootstrap-modal.js - 304 Not Modified (10ms)


Started GET "/assets/bootstrap_and_overrides.css?body=1" for 127.0.0.1 at 2012-07-27 22:05:02 +0600
Served asset /bootstrap_and_overrides.css - 304 Not Modified (7ms)


Started GET "/assets/jquery_ujs.js?body=1" for 127.0.0.1 at 2012-07-27 22:05:02 +0600
Served asset /jquery_ujs.js - 304 Not Modified (3ms)


Started GET "/assets/twitter/bootstrap/bootstrap-dropdown.js?body=1" for 127.0.0.1 at 2012-07-27 22:05:02 +0600
Served asset /twitter/bootstrap/bootstrap-dropdown.js - 304 Not Modified (14ms)


Started GET "/assets/twitter/bootstrap/bootstrap-scrollspy.js?body=1" for 127.0.0.1 at 2012-07-27 22:05:02 +0600
Served asset /twitter/bootstrap/bootstrap-scrollspy.js - 304 Not Modified (18ms)


Started GET "/assets/twitter/bootstrap/bootstrap-tab.js?body=1" for 127.0.0.1 at 2012-07-27 22:05:02 +0600
Served asset /twitter/bootstrap/bootstrap-tab.js - 304 Not Modified (26ms)


Started GET "/assets/twitter/bootstrap/bootstrap-tooltip.js?body=1" for 127.0.0.1 at 2012-07-27 22:05:02 +0600
Served asset /twitter/bootstrap/bootstrap-tooltip.js - 304 Not Modified (14ms)


Started GET "/assets/twitter/bootstrap/bootstrap-popover.js?body=1" for 127.0.0.1 at 2012-07-27 22:05:02 +0600
Served asset /twitter/bootstrap/bootstrap-popover.js - 304 Not Modified (13ms)


Started GET "/assets/twitter/bootstrap/bootstrap-button.js?body=1" for 127.0.0.1 at 2012-07-27 22:05:02 +0600
Served asset /twitter/bootstrap/bootstrap-button.js - 304 Not Modified (14ms)


Started GET "/assets/twitter/bootstrap/bootstrap-collapse.js?body=1" for 127.0.0.1 at 2012-07-27 22:05:02 +0600
Served asset /twitter/bootstrap/bootstrap-collapse.js - 304 Not Modified (104ms)


Started GET "/assets/products.js?body=1" for 127.0.0.1 at 2012-07-27 22:05:02 +0600
Served asset /products.js - 304 Not Modified (16ms)


Started GET "/assets/bootstrap.js?body=1" for 127.0.0.1 at 2012-07-27 22:05:02 +0600
Served asset /bootstrap.js - 304 Not Modified (5ms)


Started GET "/assets/twitter/bootstrap/bootstrap-carousel.js?body=1" for 127.0.0.1 at 2012-07-27 22:05:02 +0600
Served asset /twitter/bootstrap/bootstrap-carousel.js - 304 Not Modified (11ms)


Started GET "/assets/twitter/bootstrap.js?body=1" for 127.0.0.1 at 2012-07-27 22:05:02 +0600
Served asset /twitter/bootstrap.js - 304 Not Modified (58ms)


Started GET "/assets/twitter/bootstrap/bootstrap-typeahead.js?body=1" for 127.0.0.1 at 2012-07-27 22:05:02 +0600
Served asset /twitter/bootstrap/bootstrap-typeahead.js - 304 Not Modified (13ms)


Started GET "/assets/application.js?body=1" for 127.0.0.1 at 2012-07-27 22:05:02 +0600
Served asset /application.js - 200 OK (80ms)


Started GET "/products/" for 127.0.0.1 at 2012-07-27 22:24:08 +0600
Processing by ProductsController#index as HTML
  [1m[36mProduct Load (0.6ms)[0m  [1mSELECT `products`.* FROM `products` [0m
  Rendered products/index.html.erb within layouts/application (1.0ms)
Completed 200 OK in 90ms (Views: 78.1ms | ActiveRecord: 0.6ms)


Started GET "/assets/bootstrap_and_overrides.css?body=1" for 127.0.0.1 at 2012-07-27 22:24:08 +0600
Served asset /bootstrap_and_overrides.css - 304 Not Modified (0ms)


Started GET "/assets/jquery.js?body=1" for 127.0.0.1 at 2012-07-27 22:24:08 +0600
Served asset /jquery.js - 304 Not Modified (1ms)


Started GET "/assets/jquery_ujs.js?body=1" for 127.0.0.1 at 2012-07-27 22:24:08 +0600
Served asset /jquery_ujs.js - 304 Not Modified (0ms)


Started GET "/assets/twitter/bootstrap/bootstrap-transition.js?body=1" for 127.0.0.1 at 2012-07-27 22:24:08 +0600
Served asset /twitter/bootstrap/bootstrap-transition.js - 304 Not Modified (0ms)


Started GET "/assets/twitter/bootstrap/bootstrap-alert.js?body=1" for 127.0.0.1 at 2012-07-27 22:24:08 +0600
Served asset /twitter/bootstrap/bootstrap-alert.js - 304 Not Modified (0ms)


Started GET "/assets/application.css?body=1" for 127.0.0.1 at 2012-07-27 22:24:08 +0600
Served asset /application.css - 304 Not Modified (10ms)


Started GET "/assets/twitter/bootstrap/bootstrap-modal.js?body=1" for 127.0.0.1 at 2012-07-27 22:24:08 +0600
Served asset /twitter/bootstrap/bootstrap-modal.js - 304 Not Modified (19ms)


Started GET "/assets/twitter/bootstrap/bootstrap-dropdown.js?body=1" for 127.0.0.1 at 2012-07-27 22:24:08 +0600
Served asset /twitter/bootstrap/bootstrap-dropdown.js - 304 Not Modified (0ms)


Started GET "/assets/twitter/bootstrap/bootstrap-tab.js?body=1" for 127.0.0.1 at 2012-07-27 22:24:08 +0600
Served asset /twitter/bootstrap/bootstrap-tab.js - 304 Not Modified (11ms)


Started GET "/assets/twitter/bootstrap/bootstrap-tooltip.js?body=1" for 127.0.0.1 at 2012-07-27 22:24:08 +0600
Served asset /twitter/bootstrap/bootstrap-tooltip.js - 304 Not Modified (3ms)


Started GET "/assets/twitter/bootstrap/bootstrap-popover.js?body=1" for 127.0.0.1 at 2012-07-27 22:24:08 +0600
Served asset /twitter/bootstrap/bootstrap-popover.js - 304 Not Modified (0ms)


Started GET "/assets/twitter/bootstrap/bootstrap-scrollspy.js?body=1" for 127.0.0.1 at 2012-07-27 22:24:08 +0600
Served asset /twitter/bootstrap/bootstrap-scrollspy.js - 304 Not Modified (10ms)


Started GET "/assets/twitter/bootstrap/bootstrap-button.js?body=1" for 127.0.0.1 at 2012-07-27 22:24:09 +0600
Served asset /twitter/bootstrap/bootstrap-button.js - 304 Not Modified (0ms)


Started GET "/assets/twitter/bootstrap/bootstrap-collapse.js?body=1" for 127.0.0.1 at 2012-07-27 22:24:09 +0600
Served asset /twitter/bootstrap/bootstrap-collapse.js - 304 Not Modified (1ms)


Started GET "/assets/twitter/bootstrap/bootstrap-carousel.js?body=1" for 127.0.0.1 at 2012-07-27 22:24:09 +0600
Served asset /twitter/bootstrap/bootstrap-carousel.js - 304 Not Modified (0ms)


Started GET "/assets/twitter/bootstrap/bootstrap-typeahead.js?body=1" for 127.0.0.1 at 2012-07-27 22:24:09 +0600
Served asset /twitter/bootstrap/bootstrap-typeahead.js - 304 Not Modified (0ms)


Started GET "/assets/twitter/bootstrap.js?body=1" for 127.0.0.1 at 2012-07-27 22:24:09 +0600
Served asset /twitter/bootstrap.js - 304 Not Modified (15ms)


Started GET "/assets/bootstrap.js?body=1" for 127.0.0.1 at 2012-07-27 22:24:09 +0600
Served asset /bootstrap.js - 304 Not Modified (0ms)


Started GET "/assets/application.js?body=1" for 127.0.0.1 at 2012-07-27 22:24:09 +0600
Served asset /application.js - 304 Not Modified (7ms)


Started GET "/assets/products.js?body=1" for 127.0.0.1 at 2012-07-27 22:24:09 +0600
Served asset /products.js - 304 Not Modified (0ms)
